{"contracts/NFT/NFTController.sol":{"l":{},"path":"/var/samba/Work/Quazard/crypto-prophecies-contracts/contracts/NFT/NFTController.sol","s":{},"b":{},"f":{"1":0},"fnMap":{"1":{"name":"constructor","line":13,"loc":{"start":{"line":13,"column":4},"end":{"line":15,"column":4}}}},"statementMap":{},"branchMap":{}},"contracts/NFT/Prophet.sol":{"l":{"27":0,"28":0,"32":0,"36":0,"37":0,"38":0,"42":0,"43":0,"44":0,"45":0,"46":0,"47":0,"48":0,"49":0,"50":0,"56":0,"57":0,"61":0,"62":0},"path":"/var/samba/Work/Quazard/crypto-prophecies-contracts/contracts/NFT/Prophet.sol","s":{"1":0,"2":0,"3":0,"4":0,"5":0,"6":0,"7":0,"8":0,"9":0,"10":0,"11":0,"12":0,"13":0,"14":0,"15":0,"16":0,"17":0,"18":0,"19":0},"b":{},"f":{"1":0,"2":0,"3":0,"4":0,"5":0,"6":0},"fnMap":{"1":{"name":"constructor","line":26,"loc":{"start":{"line":26,"column":4},"end":{"line":29,"column":4}}},"2":{"name":"_createInitialProphetTypes","line":31,"loc":{"start":{"line":31,"column":4},"end":{"line":33,"column":4}}},"3":{"name":"_createInitialProphetRaces","line":35,"loc":{"start":{"line":35,"column":4},"end":{"line":39,"column":4}}},"4":{"name":"_createInitialProphetNames","line":41,"loc":{"start":{"line":41,"column":4},"end":{"line":51,"column":4}}},"5":{"name":"_createProphets","line":53,"loc":{"start":{"line":53,"column":4},"end":{"line":58,"column":4}}},"6":{"name":"_increaseProphetCounter","line":60,"loc":{"start":{"line":60,"column":4},"end":{"line":63,"column":4}}}},"statementMap":{"1":{"start":{"line":27,"column":8},"end":{"line":27,"column":35}},"2":{"start":{"line":28,"column":8},"end":{"line":28,"column":35}},"3":{"start":{"line":32,"column":8},"end":{"line":32,"column":35}},"4":{"start":{"line":36,"column":8},"end":{"line":36,"column":36}},"5":{"start":{"line":37,"column":8},"end":{"line":37,"column":33}},"6":{"start":{"line":38,"column":8},"end":{"line":38,"column":37}},"7":{"start":{"line":42,"column":8},"end":{"line":42,"column":56}},"8":{"start":{"line":43,"column":8},"end":{"line":43,"column":56}},"9":{"start":{"line":44,"column":8},"end":{"line":44,"column":56}},"10":{"start":{"line":45,"column":8},"end":{"line":45,"column":50}},"11":{"start":{"line":46,"column":8},"end":{"line":46,"column":50}},"12":{"start":{"line":47,"column":8},"end":{"line":47,"column":50}},"13":{"start":{"line":48,"column":8},"end":{"line":48,"column":58}},"14":{"start":{"line":49,"column":8},"end":{"line":49,"column":58}},"15":{"start":{"line":50,"column":8},"end":{"line":50,"column":58}},"16":{"start":{"line":56,"column":8},"end":{"line":56,"column":56}},"17":{"start":{"line":57,"column":8},"end":{"line":57,"column":42}},"18":{"start":{"line":61,"column":8},"end":{"line":61,"column":52}},"19":{"start":{"line":62,"column":8},"end":{"line":62,"column":58}}},"branchMap":{}},"contracts/token/TCP.sol":{"l":{"14":1},"path":"/var/samba/Work/Quazard/crypto-prophecies-contracts/contracts/token/TCP.sol","s":{"1":1},"b":{},"f":{"1":1},"fnMap":{"1":{"name":"constructor","line":12,"loc":{"start":{"line":9,"column":4},"end":{"line":15,"column":4}}}},"statementMap":{"1":{"start":{"line":14,"column":8},"end":{"line":14,"column":30}}},"branchMap":{}},"contracts/vesting/TokenVesting.sol":{"l":{"16":1,"17":2,"18":2,"20":1,"24":2,"28":9,"29":9,"30":7,"31":7,"32":7,"33":0,"35":7,"36":7},"path":"/var/samba/Work/Quazard/crypto-prophecies-contracts/contracts/vesting/TokenVesting.sol","s":{"1":1,"2":2,"3":2,"4":1,"5":2,"6":9,"7":9,"8":7,"9":7,"10":7,"11":0,"12":7,"13":7},"b":{"1":[7,2],"2":[7,0],"3":[0,7]},"f":{"1":1,"2":2,"3":9},"fnMap":{"1":{"name":"constructor","line":10,"loc":{"start":{"line":10,"column":2},"end":{"line":21,"column":2}}},"2":{"name":"setVestingPause","line":23,"loc":{"start":{"line":23,"column":2},"end":{"line":25,"column":2}}},"3":{"name":"claim","line":27,"loc":{"start":{"line":27,"column":2},"end":{"line":37,"column":2}}}},"statementMap":{"1":{"start":{"line":16,"column":4},"end":{"line":16,"column":308}},"2":{"start":{"line":17,"column":6},"end":{"line":17,"column":34}},"3":{"start":{"line":18,"column":6},"end":{"line":18,"column":47}},"4":{"start":{"line":20,"column":4},"end":{"line":20,"column":24}},"5":{"start":{"line":24,"column":4},"end":{"line":24,"column":30}},"6":{"start":{"line":28,"column":4},"end":{"line":28,"column":42}},"7":{"start":{"line":29,"column":4},"end":{"line":29,"column":46}},"8":{"start":{"line":30,"column":4},"end":{"line":30,"column":100}},"9":{"start":{"line":31,"column":4},"end":{"line":31,"column":37}},"10":{"start":{"line":32,"column":4},"end":{"line":32,"column":856}},"11":{"start":{"line":33,"column":6},"end":{"line":33,"column":44}},"12":{"start":{"line":35,"column":4},"end":{"line":35,"column":45}},"13":{"start":{"line":36,"column":4},"end":{"line":36,"column":26}}},"branchMap":{"1":{"line":29,"type":"if","locations":[{"start":{"line":29,"column":4},"end":{"line":29,"column":4}},{"start":{"line":29,"column":4},"end":{"line":29,"column":4}}]},"2":{"line":30,"type":"if","locations":[{"start":{"line":30,"column":4},"end":{"line":30,"column":4}},{"start":{"line":30,"column":4},"end":{"line":30,"column":4}}]},"3":{"line":32,"type":"if","locations":[{"start":{"line":32,"column":4},"end":{"line":32,"column":4}},{"start":{"line":32,"column":4},"end":{"line":32,"column":4}}]}}},"contracts/vesting/VestingDetails.sol":{"l":{"10":18,"14":196,"18":14,"22":30,"26":30,"30":31,"34":16,"38":33,"42":32,"46":9,"50":14,"54":11,"58":0,"62":15,"63":15,"64":4,"66":11,"67":11,"68":11,"69":11,"70":4,"73":15,"77":7},"path":"/var/samba/Work/Quazard/crypto-prophecies-contracts/contracts/vesting/VestingDetails.sol","s":{"1":18,"2":196,"3":14,"4":30,"5":30,"6":31,"7":16,"8":33,"9":32,"10":9,"11":14,"12":11,"13":0,"14":15,"15":15,"16":4,"17":11,"18":11,"19":11,"20":11,"21":4,"22":15,"23":7},"b":{"1":[4,11],"2":[4,7]},"f":{"1":18,"2":196,"3":14,"4":30,"5":30,"6":31,"7":16,"8":33,"9":32,"10":9,"11":14,"12":11,"13":0,"14":15,"15":7},"fnMap":{"1":{"name":"getInvestorID","line":9,"loc":{"start":{"line":9,"column":2},"end":{"line":11,"column":2}}},"2":{"name":"getInvestor","line":13,"loc":{"start":{"line":13,"column":2},"end":{"line":15,"column":2}}},"3":{"name":"getBeneficiary","line":17,"loc":{"start":{"line":17,"column":2},"end":{"line":19,"column":2}}},"4":{"name":"getCliff","line":21,"loc":{"start":{"line":21,"column":2},"end":{"line":23,"column":2}}},"5":{"name":"getStart","line":25,"loc":{"start":{"line":25,"column":2},"end":{"line":27,"column":2}}},"6":{"name":"getTotalAmount","line":29,"loc":{"start":{"line":29,"column":2},"end":{"line":31,"column":2}}},"7":{"name":"getNumberOfMonths","line":33,"loc":{"start":{"line":33,"column":2},"end":{"line":35,"column":2}}},"8":{"name":"getTotalClaimed","line":37,"loc":{"start":{"line":37,"column":2},"end":{"line":39,"column":2}}},"9":{"name":"getInitialUnlock","line":41,"loc":{"start":{"line":41,"column":2},"end":{"line":43,"column":2}}},"10":{"name":"isPaused","line":45,"loc":{"start":{"line":45,"column":2},"end":{"line":47,"column":2}}},"11":{"name":"getMonthsPassed","line":49,"loc":{"start":{"line":49,"column":2},"end":{"line":51,"column":2}}},"12":{"name":"getMonthlyVesting","line":53,"loc":{"start":{"line":53,"column":2},"end":{"line":55,"column":2}}},"13":{"name":"isFinishedVesting","line":57,"loc":{"start":{"line":57,"column":2},"end":{"line":59,"column":2}}},"14":{"name":"vestedAmount","line":61,"loc":{"start":{"line":61,"column":2},"end":{"line":74,"column":2}}},"15":{"name":"claimAmount","line":76,"loc":{"start":{"line":76,"column":2},"end":{"line":78,"column":2}}}},"statementMap":{"1":{"start":{"line":10,"column":4},"end":{"line":10,"column":32}},"2":{"start":{"line":14,"column":4},"end":{"line":14,"column":24}},"3":{"start":{"line":18,"column":4},"end":{"line":18,"column":38}},"4":{"start":{"line":22,"column":4},"end":{"line":22,"column":32}},"5":{"start":{"line":26,"column":4},"end":{"line":26,"column":32}},"6":{"start":{"line":30,"column":4},"end":{"line":30,"column":38}},"7":{"start":{"line":34,"column":4},"end":{"line":34,"column":41}},"8":{"start":{"line":38,"column":4},"end":{"line":38,"column":39}},"9":{"start":{"line":42,"column":4},"end":{"line":42,"column":40}},"10":{"start":{"line":46,"column":4},"end":{"line":46,"column":33}},"11":{"start":{"line":50,"column":4},"end":{"line":50,"column":68}},"12":{"start":{"line":54,"column":4},"end":{"line":54,"column":53}},"13":{"start":{"line":58,"column":4},"end":{"line":58,"column":78}},"14":{"start":{"line":62,"column":4},"end":{"line":62,"column":18}},"15":{"start":{"line":63,"column":4},"end":{"line":63,"column":1886}},"16":{"start":{"line":64,"column":6},"end":{"line":64,"column":15}},"17":{"start":{"line":66,"column":6},"end":{"line":66,"column":35}},"18":{"start":{"line":67,"column":6},"end":{"line":67,"column":58}},"19":{"start":{"line":68,"column":6},"end":{"line":68,"column":42}},"20":{"start":{"line":69,"column":6},"end":{"line":69,"column":2200}},"21":{"start":{"line":70,"column":8},"end":{"line":70,"column":81}},"22":{"start":{"line":73,"column":4},"end":{"line":73,"column":17}},"23":{"start":{"line":77,"column":4},"end":{"line":77,"column":67}}},"branchMap":{"1":{"line":63,"type":"if","locations":[{"start":{"line":63,"column":4},"end":{"line":63,"column":4}},{"start":{"line":63,"column":4},"end":{"line":63,"column":4}}]},"2":{"line":69,"type":"if","locations":[{"start":{"line":69,"column":6},"end":{"line":69,"column":6}},{"start":{"line":69,"column":6},"end":{"line":69,"column":6}}]}}},"contracts/vesting/VestingStorage.sol":{"l":{},"path":"/var/samba/Work/Quazard/crypto-prophecies-contracts/contracts/vesting/VestingStorage.sol","s":{},"b":{},"f":{},"fnMap":{},"statementMap":{},"branchMap":{}}}