TN:
SF:/var/samba/Work/Quazard/crypto-prophecies-contracts/contracts/NFT/NFTController.sol
FN:13,constructor
FNF:1
FNH:0
FNDA:0,constructor
LF:0
LH:0
BRF:0
BRH:0
end_of_record
TN:
SF:/var/samba/Work/Quazard/crypto-prophecies-contracts/contracts/NFT/Prophet.sol
FN:26,constructor
FN:31,_createInitialProphetTypes
FN:35,_createInitialProphetRaces
FN:41,_createInitialProphetNames
FN:53,_createProphets
FN:60,_increaseProphetCounter
FNF:6
FNH:0
FNDA:0,constructor
FNDA:0,_createInitialProphetTypes
FNDA:0,_createInitialProphetRaces
FNDA:0,_createInitialProphetNames
FNDA:0,_createProphets
FNDA:0,_increaseProphetCounter
DA:27,0
DA:28,0
DA:32,0
DA:36,0
DA:37,0
DA:38,0
DA:42,0
DA:43,0
DA:44,0
DA:45,0
DA:46,0
DA:47,0
DA:48,0
DA:49,0
DA:50,0
DA:56,0
DA:57,0
DA:61,0
DA:62,0
LF:19
LH:0
BRF:0
BRH:0
end_of_record
TN:
SF:/var/samba/Work/Quazard/crypto-prophecies-contracts/contracts/token/TCP.sol
FN:12,constructor
FNF:1
FNH:1
FNDA:1,constructor
DA:14,1
LF:1
LH:1
BRF:0
BRH:0
end_of_record
TN:
SF:/var/samba/Work/Quazard/crypto-prophecies-contracts/contracts/vesting/TokenVesting.sol
FN:10,constructor
FN:23,setVestingPause
FN:27,claim
FNF:3
FNH:3
FNDA:1,constructor
FNDA:2,setVestingPause
FNDA:9,claim
DA:16,1
DA:17,2
DA:18,2
DA:20,1
DA:24,2
DA:28,9
DA:29,9
DA:30,7
DA:31,7
DA:32,7
DA:33,0
DA:35,7
DA:36,7
LF:13
LH:12
BRDA:29,1,0,7
BRDA:29,1,1,2
BRDA:30,2,0,7
BRDA:30,2,1,0
BRDA:32,3,0,0
BRDA:32,3,1,7
BRF:6
BRH:4
end_of_record
TN:
SF:/var/samba/Work/Quazard/crypto-prophecies-contracts/contracts/vesting/VestingDetails.sol
FN:9,getInvestorID
FN:13,getInvestor
FN:17,getBeneficiary
FN:21,getCliff
FN:25,getStart
FN:29,getTotalAmount
FN:33,getNumberOfMonths
FN:37,getTotalClaimed
FN:41,getInitialUnlock
FN:45,isPaused
FN:49,getMonthsPassed
FN:53,getMonthlyVesting
FN:57,isFinishedVesting
FN:61,vestedAmount
FN:76,claimAmount
FNF:15
FNH:14
FNDA:18,getInvestorID
FNDA:196,getInvestor
FNDA:14,getBeneficiary
FNDA:30,getCliff
FNDA:30,getStart
FNDA:31,getTotalAmount
FNDA:16,getNumberOfMonths
FNDA:33,getTotalClaimed
FNDA:32,getInitialUnlock
FNDA:9,isPaused
FNDA:14,getMonthsPassed
FNDA:11,getMonthlyVesting
FNDA:0,isFinishedVesting
FNDA:15,vestedAmount
FNDA:7,claimAmount
DA:10,18
DA:14,196
DA:18,14
DA:22,30
DA:26,30
DA:30,31
DA:34,16
DA:38,33
DA:42,32
DA:46,9
DA:50,14
DA:54,11
DA:58,0
DA:62,15
DA:63,15
DA:64,4
DA:66,11
DA:67,11
DA:68,11
DA:69,11
DA:70,4
DA:73,15
DA:77,7
LF:23
LH:22
BRDA:63,1,0,4
BRDA:63,1,1,11
BRDA:69,2,0,4
BRDA:69,2,1,7
BRF:4
BRH:4
end_of_record
TN:
SF:/var/samba/Work/Quazard/crypto-prophecies-contracts/contracts/vesting/VestingStorage.sol
FNF:0
FNH:0
LF:0
LH:0
BRF:0
BRH:0
end_of_record
